cscope 15 /storage/emulated/0/Data/Datum/VTUCSE/YearIII/Semester05/Computer Networks               0000001100
	@TCPServer.java

1 
impÜt
 
	gjava
.
	gÃt
.
	gS”v”Sock‘
;

2 
impÜt
 
	gjava
.
	gÃt
.
	gSock‘
;

3 
impÜt
 
	gjava
.
	gio
.
	gBufã»dR—d”
;

4 
impÜt
 
	gjava
.
	gio
.
	gIOExû±iÚ
;

5 
impÜt
 
	gjava
.
	gio
.
	gIÅutSŒ—mR—d”
;

6 
impÜt
 
	gjava
.
	gio
.
	gFeR—d”
;

7 
impÜt
 
	gjava
.
	gio
.
	gPrštWr™”
;

9 
public
 cÏs 
	cTCPS”v”
 {

10 
public
 
	$maš
(
SŒšg
[] 
¬gs
è
throws
 
IOExû±iÚ
 {

11 
S”v”Sock‘
 
£rsock
 = 
Ãw
 
	`S”v”Sock‘
(4000);

12 
Sock‘
 
sock
 = 
£rsock
.
	`acû±
();

13 
Bufã»dR—d”
 
feR—d
 = 
Ãw
 
	`Bufã»dR—d”
Òew 
	`IÅutSŒ—mR—d”
(
sock
.
	`g‘IÅutSŒ—m
()));

14 
Bufã»dR—d”
 
cÚ‹ÁR—d
 = 
Ãw
 
	`Bufã»dR—d”
Òew 
	`FeR—d”
(
feR—d
.
	`»adLše
()));

15 
PrštWr™”
 
pWr™e
 = 
Ãw
 
	`PrštWr™”
(
sock
.
	`g‘OuutSŒ—m
(), 
Œue
);

16 
Sy¡em
.
out
.
	`´šn
("Server„eady for connection‡nd waiting for messages...");

17 
SŒšg
 
¡r
;

18 (
¡r
 = 
cÚ‹ÁR—d
.
	`»adLše
()è!ğ
nuÎ
)

19 
pWr™e
.
	`´šn
(
¡r
);

20 
cÚ‹ÁR—d
.
	`şo£
();

21 
£rsock
.
	`şo£
();

23 
	}
}

	@
1
.
1
/data/data/com.termux/files/usr/include
1
15
TCPServer.java
