cscope 15 /storage/emulated/0/Data/Datum/VTUCSE/YearIII/Semester05/Computer Networks/simulation               0000001894
	@duplex_p2p.tcl

1 
£t
 
	gns
 [ 
Ãw
 
SimuÏtÜ
 ]

2 
£t
 
	gf
 [ 
İ’
 
out1
.
Œ
 
w
 ]

3 
£t
 
	gnf
 [ 
İ’
 
out1
.
Çm
 
w
 ]

4 
$ns
 
	gŒaû
-
®l
 
$f


5 
$ns
 
	gÇmŒaû
-
®l
 
$nf


6 
$ns
 
	gcŞÜ
 1 "Blue"

7 
$ns
 
	gcŞÜ
 2 "Red"

8 
´oc
 
	gfšish
 {} {

9 
glob®
 
ns
 
f
 
nf


10 
$ns
 
	gæush
-
Œaû


11 
şo£
 
$f


12 
şo£
 
$nf


13 
exec
 
Çm
 
	gout1
.
	gÇm
 &

14 
	gex™
 0

17 
£t
 
	gn0
 [ 
$ns
 
node
 ]

18 
£t
 
	gn1
 [ 
$ns
 
node
 ]

19 
£t
 
	gn2
 [ 
$ns
 
node
 ]

21 
$n0
 
	gÏb–
 "UDP Source"

22 
$n1
 
	gÏb–
 "TCP Source"

23 
$n2
 
	gÏb–
 "TCP & UDP Dest"

25 
$ns
 
	gdu¶ex
-
lšk
 
$n0
 
	g$n1
 2.25
	gMb
 10
ms
 
DrİTa


26 
$ns
 
	gdu¶ex
-
lšk
 
$n1
 
	g$n2
 2.25
	gMb
 20
ms
 
DrİTa


27 
$ns
 
	gdu¶ex
-
	glšk
-
İ
 
$n0
 
$n1
 
Ü›Á
 
right


28 
$ns
 
	gdu¶ex
-
	glšk
-
İ
 
$n1
 
$n2
 
Ü›Á
 
down


30 
$ns
 
	gqueue
-
lim™
 
$n1
 
	g$n2
 20

32 
£t
 
	gudp0
 [ 
Ãw
 
Ag’t
/
UDP
 ]

33 
$ns
 
	g©ch
-
ag’t
 
$n0
 
$udp0


34 
$udp0
 
£t
 
	gşass_
 1

36 
£t
 
	gcbr0
 [ 
Ãw
 
AµliÿtiÚ
/
T¿ffic
/
CBR
 ]

37 
$cbr0
 
	g©ch
-
ag’t
 
$udp0


38 
$cbr0
 
£t
 
	g·ck‘Size_
 500

39 
$cbr0
 
£t
 
	gš‹rv®_
 0.005

41 
£t
 
	gtı0
 [ 
Ãw
 
Ag’t
/
TCP
 ]

42 
$ns
 
	g©ch
-
ag’t
 
$n1
 
$tı0


43 
$tı0
 
£t
 
	gşass_
 2

45 
£t
 
	gáp0
 [ 
Ãw
 
AµliÿtiÚ
/
FTP
 ]

46 
$áp0
 
	g©ch
-
ag’t
 
$tı0


47 
$áp0
 
£t
 
	gmaxPkts_
 1000

49 
£t
 
	gnuÎ0
 [ 
Ãw
 
Ag’t
/
NuÎ
 ]

50 
$ns
 
	g©ch
-
ag’t
 
$n2
 
$nuÎ0


52 
£t
 
	gsšk
 [ 
Ãw
 
Ag’t
/
TCPSšk
 ]

53 
$ns
 
	g©ch
-
ag’t
 
$n2
 
$sšk


55 
$ns
 
cÚÃù
 
$udp0
 
$nuÎ0


56 
$ns
 
cÚÃù
 
$tı0
 
$sšk


58 
$ns
 
	g©
 0.5 "$cbr0 start"

59 
$ns
 
	g©
 1.5 "$ftp0 start"

60 
$ns
 
	g©
 4.0 "$ftp0 stop"

61 
$ns
 
	g©
 4.5 "$cbr0 stop"

62 
$ns
 
	g©
 5.0 "finish"

64 
$ns
 
	grun


	@
1
.
1
/data/data/com.termux/files/usr/include
1
15
duplex_p2p.tcl
